[01m[K/home/hak/catkin_SEER/src/kr_mav_control/trackers/kr_trackers/src/poly_tracker.cpp:[m[K In member function ‘[01m[Kvoid PolyTracker::goal_callback()[m[K’:
[01m[K/home/hak/catkin_SEER/src/kr_mav_control/trackers/kr_trackers/src/poly_tracker.cpp:366:38:[m[K [01;35m[Kwarning: [m[Kcomparison of integer expressions of different signedness: ‘[01m[Klong unsigned int[m[K’ and ‘[01m[Kint[m[K’ [[01;35m[K-Wsign-compare[m[K]
  366 |       for(long unsigned int i = 0; [01;35m[Ki < M[m[K; ++i)
      |                                    [01;35m[K~~^~~[m[K
[01m[K/home/hak/catkin_SEER/src/kr_mav_control/trackers/kr_trackers/src/poly_tracker.cpp:371:33:[m[K [01;35m[Kwarning: [m[Kcomparison of integer expressions of different signedness: ‘[01m[Kunsigned int[m[K’ and ‘[01m[Kint[m[K’ [[01;35m[K-Wsign-compare[m[K]
  371 |       for(unsigned int i = 0; [01;35m[Ki <= N[m[K; ++i)
      |                               [01;35m[K~~^~~~[m[K
[01m[K/home/hak/catkin_SEER/src/kr_mav_control/trackers/kr_trackers/src/poly_tracker.cpp:436:26:[m[K [01;35m[Kwarning: [m[Kcomparison of integer expressions of different signedness: ‘[01m[Kint[m[K’ and ‘[01m[Kstd::vector<kr_tracker_msgs::Polynomial_<std::allocator<void> >, std::allocator<kr_tracker_msgs::Polynomial_<std::allocator<void> > > >::size_type[m[K’ {aka ‘[01m[Klong unsigned int[m[K’} [[01;35m[K-Wsign-compare[m[K]
  436 |         for(int i = 0; [01;35m[Ki < msg->seg_yaw.size()[m[K; ++i)
      |                        [01;35m[K~~^~~~~~~~~~~~~~~~~~~~~[m[K
[01m[K/home/hak/catkin_SEER/src/kr_mav_control/trackers/kr_trackers/src/poly_tracker.cpp:451:24:[m[K [01;35m[Kwarning: [m[Kcomparison of integer expressions of different signedness: ‘[01m[Kint[m[K’ and ‘[01m[Kstd::vector<kr_tracker_msgs::Polynomial_<std::allocator<void> >, std::allocator<kr_tracker_msgs::Polynomial_<std::allocator<void> > > >::size_type[m[K’ {aka ‘[01m[Klong unsigned int[m[K’} [[01;35m[K-Wsign-compare[m[K]
  451 |       for(int i = 0; [01;35m[Ki < msg->seg_x.size()[m[K; ++i)
      |                      [01;35m[K~~^~~~~~~~~~~~~~~~~~~[m[K
In file included from [01m[K/home/hak/catkin_SEER/src/kr_mav_control/trackers/kr_trackers/src/poly_tracker.cpp:10[m[K:
/home/hak/catkin_SEER/src/kr_mav_control/trackers/kr_trackers/utils/traj_data.hpp: In instantiation of ‘[01m[Kvoid traj_opt::Piece<dim>::getNcoeffs(Eigen::MatrixXd&) [with int dim = 3; Eigen::MatrixXd = Eigen::Matrix<double, -1, -1>][m[K’:
[01m[K/home/hak/catkin_SEER/src/kr_mav_control/trackers/kr_trackers/utils/traj_data.hpp:77:5:[m[K   required from ‘[01m[Ktraj_opt::Piece<dim>::Piece(traj_opt::PolyType, Eigen::MatrixXd, float, int) [with int dim = 3; Eigen::MatrixXd = Eigen::Matrix<double, -1, -1>][m[K’
[01m[K/home/hak/catkin_SEER/src/kr_mav_control/trackers/kr_trackers/src/poly_tracker.cpp:390:68:[m[K   required from here
[01m[K/home/hak/catkin_SEER/src/kr_mav_control/trackers/kr_trackers/utils/traj_data.hpp:142:5:[m[K [01;35m[Kwarning: [m[Kenumeration value ‘[01m[KSTANDARD[m[K’ not handled in switch [[01;35m[K-Wswitch[m[K]
  142 |     [01;35m[Kswitch[m[K (basis)
      |     [01;35m[K^~~~~~[m[K
[01m[K/home/hak/catkin_SEER/src/kr_mav_control/trackers/kr_trackers/utils/traj_data.hpp:142:5:[m[K [01;35m[Kwarning: [m[Kenumeration value ‘[01m[KENDPOINT[m[K’ not handled in switch [[01;35m[K-Wswitch[m[K]
[01m[K/home/hak/catkin_SEER/src/kr_mav_control/trackers/kr_trackers/utils/traj_data.hpp:142:5:[m[K [01;35m[Kwarning: [m[Kenumeration value ‘[01m[KCHEBYSHEV[m[K’ not handled in switch [[01;35m[K-Wswitch[m[K]
/home/hak/catkin_SEER/src/kr_mav_control/trackers/kr_trackers/utils/traj_data.hpp: In instantiation of ‘[01m[Kvoid traj_opt::Piece<dim>::getNcoeffs(Eigen::MatrixXd&) [with int dim = 4; Eigen::MatrixXd = Eigen::Matrix<double, -1, -1>][m[K’:
[01m[K/home/hak/catkin_SEER/src/kr_mav_control/trackers/kr_trackers/utils/traj_data.hpp:77:5:[m[K   required from ‘[01m[Ktraj_opt::Piece<dim>::Piece(traj_opt::PolyType, Eigen::MatrixXd, float, int) [with int dim = 4; Eigen::MatrixXd = Eigen::Matrix<double, -1, -1>][m[K’
[01m[K/home/hak/catkin_SEER/src/kr_mav_control/trackers/kr_trackers/src/poly_tracker.cpp:413:68:[m[K   required from here
[01m[K/home/hak/catkin_SEER/src/kr_mav_control/trackers/kr_trackers/utils/traj_data.hpp:142:5:[m[K [01;35m[Kwarning: [m[Kenumeration value ‘[01m[KSTANDARD[m[K’ not handled in switch [[01;35m[K-Wswitch[m[K]
[01m[K/home/hak/catkin_SEER/src/kr_mav_control/trackers/kr_trackers/utils/traj_data.hpp:142:5:[m[K [01;35m[Kwarning: [m[Kenumeration value ‘[01m[KENDPOINT[m[K’ not handled in switch [[01;35m[K-Wswitch[m[K]
[01m[K/home/hak/catkin_SEER/src/kr_mav_control/trackers/kr_trackers/utils/traj_data.hpp:142:5:[m[K [01;35m[Kwarning: [m[Kenumeration value ‘[01m[KCHEBYSHEV[m[K’ not handled in switch [[01;35m[K-Wswitch[m[K]
