Linked: (/home/hak/catkin_SEER/devel/.private/occ_predictor_msgs/lib/python3/dist-packages/occ_predictor_msgs/__init__.py, /home/hak/catkin_SEER/devel/lib/python3/dist-packages/occ_predictor_msgs/__init__.py)
Linked: (/home/hak/catkin_SEER/devel/.private/occ_predictor_msgs/lib/python3/dist-packages/occ_predictor_msgs/srv/_PredictPCL.py, /home/hak/catkin_SEER/devel/lib/python3/dist-packages/occ_predictor_msgs/srv/_PredictPCL.py)
Linked: (/home/hak/catkin_SEER/devel/.private/occ_predictor_msgs/lib/python3/dist-packages/occ_predictor_msgs/srv/__init__.py, /home/hak/catkin_SEER/devel/lib/python3/dist-packages/occ_predictor_msgs/srv/__init__.py)
Linked: (/home/hak/catkin_SEER/devel/.private/occ_predictor_msgs/lib/pkgconfig/occ_predictor_msgs.pc, /home/hak/catkin_SEER/devel/lib/pkgconfig/occ_predictor_msgs.pc)
Linked: (/home/hak/catkin_SEER/devel/.private/occ_predictor_msgs/share/common-lisp/ros/occ_predictor_msgs/srv/_package.lisp, /home/hak/catkin_SEER/devel/share/common-lisp/ros/occ_predictor_msgs/srv/_package.lisp)
Linked: (/home/hak/catkin_SEER/devel/.private/occ_predictor_msgs/share/common-lisp/ros/occ_predictor_msgs/srv/PredictPCL.lisp, /home/hak/catkin_SEER/devel/share/common-lisp/ros/occ_predictor_msgs/srv/PredictPCL.lisp)
Linked: (/home/hak/catkin_SEER/devel/.private/occ_predictor_msgs/share/common-lisp/ros/occ_predictor_msgs/srv/occ_predictor_msgs-srv.asd, /home/hak/catkin_SEER/devel/share/common-lisp/ros/occ_predictor_msgs/srv/occ_predictor_msgs-srv.asd)
Linked: (/home/hak/catkin_SEER/devel/.private/occ_predictor_msgs/share/common-lisp/ros/occ_predictor_msgs/srv/_package_PredictPCL.lisp, /home/hak/catkin_SEER/devel/share/common-lisp/ros/occ_predictor_msgs/srv/_package_PredictPCL.lisp)
Linked: (/home/hak/catkin_SEER/devel/.private/occ_predictor_msgs/share/roseus/ros/occ_predictor_msgs/manifest.l, /home/hak/catkin_SEER/devel/share/roseus/ros/occ_predictor_msgs/manifest.l)
Linked: (/home/hak/catkin_SEER/devel/.private/occ_predictor_msgs/share/roseus/ros/occ_predictor_msgs/srv/PredictPCL.l, /home/hak/catkin_SEER/devel/share/roseus/ros/occ_predictor_msgs/srv/PredictPCL.l)
Linked: (/home/hak/catkin_SEER/devel/.private/occ_predictor_msgs/share/gennodejs/ros/occ_predictor_msgs/_index.js, /home/hak/catkin_SEER/devel/share/gennodejs/ros/occ_predictor_msgs/_index.js)
Linked: (/home/hak/catkin_SEER/devel/.private/occ_predictor_msgs/share/gennodejs/ros/occ_predictor_msgs/srv/PredictPCL.js, /home/hak/catkin_SEER/devel/share/gennodejs/ros/occ_predictor_msgs/srv/PredictPCL.js)
Linked: (/home/hak/catkin_SEER/devel/.private/occ_predictor_msgs/share/gennodejs/ros/occ_predictor_msgs/srv/_index.js, /home/hak/catkin_SEER/devel/share/gennodejs/ros/occ_predictor_msgs/srv/_index.js)
Linked: (/home/hak/catkin_SEER/devel/.private/occ_predictor_msgs/share/occ_predictor_msgs/cmake/occ_predictor_msgsConfig.cmake, /home/hak/catkin_SEER/devel/share/occ_predictor_msgs/cmake/occ_predictor_msgsConfig.cmake)
Linked: (/home/hak/catkin_SEER/devel/.private/occ_predictor_msgs/share/occ_predictor_msgs/cmake/occ_predictor_msgs-msg-extras.cmake, /home/hak/catkin_SEER/devel/share/occ_predictor_msgs/cmake/occ_predictor_msgs-msg-extras.cmake)
Linked: (/home/hak/catkin_SEER/devel/.private/occ_predictor_msgs/share/occ_predictor_msgs/cmake/occ_predictor_msgsConfig-version.cmake, /home/hak/catkin_SEER/devel/share/occ_predictor_msgs/cmake/occ_predictor_msgsConfig-version.cmake)
Linked: (/home/hak/catkin_SEER/devel/.private/occ_predictor_msgs/share/occ_predictor_msgs/cmake/occ_predictor_msgs-msg-paths.cmake, /home/hak/catkin_SEER/devel/share/occ_predictor_msgs/cmake/occ_predictor_msgs-msg-paths.cmake)
Linked: (/home/hak/catkin_SEER/devel/.private/occ_predictor_msgs/include/occ_predictor_msgs/PredictPCL.h, /home/hak/catkin_SEER/devel/include/occ_predictor_msgs/PredictPCL.h)
Linked: (/home/hak/catkin_SEER/devel/.private/occ_predictor_msgs/include/occ_predictor_msgs/PredictPCLResponse.h, /home/hak/catkin_SEER/devel/include/occ_predictor_msgs/PredictPCLResponse.h)
Linked: (/home/hak/catkin_SEER/devel/.private/occ_predictor_msgs/include/occ_predictor_msgs/PredictPCLRequest.h, /home/hak/catkin_SEER/devel/include/occ_predictor_msgs/PredictPCLRequest.h)
