Linked: (/home/hak/catkin_SEER/devel/.private/kr_mav_manager/lib/libkr_mav_manager.so, /home/hak/catkin_SEER/devel/lib/libkr_mav_manager.so)
Linked: (/home/hak/catkin_SEER/devel/.private/kr_mav_manager/lib/python3/dist-packages/kr_mav_manager/__init__.py, /home/hak/catkin_SEER/devel/lib/python3/dist-packages/kr_mav_manager/__init__.py)
Linked: (/home/hak/catkin_SEER/devel/.private/kr_mav_manager/lib/python3/dist-packages/kr_mav_manager/srv/_Lissajous.py, /home/hak/catkin_SEER/devel/lib/python3/dist-packages/kr_mav_manager/srv/_Lissajous.py)
Linked: (/home/hak/catkin_SEER/devel/.private/kr_mav_manager/lib/python3/dist-packages/kr_mav_manager/srv/_Vec4.py, /home/hak/catkin_SEER/devel/lib/python3/dist-packages/kr_mav_manager/srv/_Vec4.py)
Linked: (/home/hak/catkin_SEER/devel/.private/kr_mav_manager/lib/python3/dist-packages/kr_mav_manager/srv/_CompoundLissajous.py, /home/hak/catkin_SEER/devel/lib/python3/dist-packages/kr_mav_manager/srv/_CompoundLissajous.py)
Linked: (/home/hak/catkin_SEER/devel/.private/kr_mav_manager/lib/python3/dist-packages/kr_mav_manager/srv/_Circle.py, /home/hak/catkin_SEER/devel/lib/python3/dist-packages/kr_mav_manager/srv/_Circle.py)
Linked: (/home/hak/catkin_SEER/devel/.private/kr_mav_manager/lib/python3/dist-packages/kr_mav_manager/srv/__init__.py, /home/hak/catkin_SEER/devel/lib/python3/dist-packages/kr_mav_manager/srv/__init__.py)
Linked: (/home/hak/catkin_SEER/devel/.private/kr_mav_manager/lib/python3/dist-packages/kr_mav_manager/srv/_GoalTimed.py, /home/hak/catkin_SEER/devel/lib/python3/dist-packages/kr_mav_manager/srv/_GoalTimed.py)
Linked: (/home/hak/catkin_SEER/devel/.private/kr_mav_manager/lib/pkgconfig/kr_mav_manager.pc, /home/hak/catkin_SEER/devel/lib/pkgconfig/kr_mav_manager.pc)
Linked: (/home/hak/catkin_SEER/devel/.private/kr_mav_manager/lib/kr_mav_manager/mav_services, /home/hak/catkin_SEER/devel/lib/kr_mav_manager/mav_services)
Linked: (/home/hak/catkin_SEER/devel/.private/kr_mav_manager/share/common-lisp/ros/kr_mav_manager/srv/_package.lisp, /home/hak/catkin_SEER/devel/share/common-lisp/ros/kr_mav_manager/srv/_package.lisp)
Linked: (/home/hak/catkin_SEER/devel/.private/kr_mav_manager/share/common-lisp/ros/kr_mav_manager/srv/Lissajous.lisp, /home/hak/catkin_SEER/devel/share/common-lisp/ros/kr_mav_manager/srv/Lissajous.lisp)
Linked: (/home/hak/catkin_SEER/devel/.private/kr_mav_manager/share/common-lisp/ros/kr_mav_manager/srv/_package_CompoundLissajous.lisp, /home/hak/catkin_SEER/devel/share/common-lisp/ros/kr_mav_manager/srv/_package_CompoundLissajous.lisp)
Linked: (/home/hak/catkin_SEER/devel/.private/kr_mav_manager/share/common-lisp/ros/kr_mav_manager/srv/Circle.lisp, /home/hak/catkin_SEER/devel/share/common-lisp/ros/kr_mav_manager/srv/Circle.lisp)
Linked: (/home/hak/catkin_SEER/devel/.private/kr_mav_manager/share/common-lisp/ros/kr_mav_manager/srv/GoalTimed.lisp, /home/hak/catkin_SEER/devel/share/common-lisp/ros/kr_mav_manager/srv/GoalTimed.lisp)
Linked: (/home/hak/catkin_SEER/devel/.private/kr_mav_manager/share/common-lisp/ros/kr_mav_manager/srv/_package_GoalTimed.lisp, /home/hak/catkin_SEER/devel/share/common-lisp/ros/kr_mav_manager/srv/_package_GoalTimed.lisp)
Linked: (/home/hak/catkin_SEER/devel/.private/kr_mav_manager/share/common-lisp/ros/kr_mav_manager/srv/CompoundLissajous.lisp, /home/hak/catkin_SEER/devel/share/common-lisp/ros/kr_mav_manager/srv/CompoundLissajous.lisp)
Linked: (/home/hak/catkin_SEER/devel/.private/kr_mav_manager/share/common-lisp/ros/kr_mav_manager/srv/_package_Circle.lisp, /home/hak/catkin_SEER/devel/share/common-lisp/ros/kr_mav_manager/srv/_package_Circle.lisp)
Linked: (/home/hak/catkin_SEER/devel/.private/kr_mav_manager/share/common-lisp/ros/kr_mav_manager/srv/_package_Lissajous.lisp, /home/hak/catkin_SEER/devel/share/common-lisp/ros/kr_mav_manager/srv/_package_Lissajous.lisp)
Linked: (/home/hak/catkin_SEER/devel/.private/kr_mav_manager/share/common-lisp/ros/kr_mav_manager/srv/_package_Vec4.lisp, /home/hak/catkin_SEER/devel/share/common-lisp/ros/kr_mav_manager/srv/_package_Vec4.lisp)
Linked: (/home/hak/catkin_SEER/devel/.private/kr_mav_manager/share/common-lisp/ros/kr_mav_manager/srv/kr_mav_manager-srv.asd, /home/hak/catkin_SEER/devel/share/common-lisp/ros/kr_mav_manager/srv/kr_mav_manager-srv.asd)
Linked: (/home/hak/catkin_SEER/devel/.private/kr_mav_manager/share/common-lisp/ros/kr_mav_manager/srv/Vec4.lisp, /home/hak/catkin_SEER/devel/share/common-lisp/ros/kr_mav_manager/srv/Vec4.lisp)
Linked: (/home/hak/catkin_SEER/devel/.private/kr_mav_manager/share/roseus/ros/kr_mav_manager/manifest.l, /home/hak/catkin_SEER/devel/share/roseus/ros/kr_mav_manager/manifest.l)
Linked: (/home/hak/catkin_SEER/devel/.private/kr_mav_manager/share/roseus/ros/kr_mav_manager/srv/Vec4.l, /home/hak/catkin_SEER/devel/share/roseus/ros/kr_mav_manager/srv/Vec4.l)
Linked: (/home/hak/catkin_SEER/devel/.private/kr_mav_manager/share/roseus/ros/kr_mav_manager/srv/Lissajous.l, /home/hak/catkin_SEER/devel/share/roseus/ros/kr_mav_manager/srv/Lissajous.l)
Linked: (/home/hak/catkin_SEER/devel/.private/kr_mav_manager/share/roseus/ros/kr_mav_manager/srv/CompoundLissajous.l, /home/hak/catkin_SEER/devel/share/roseus/ros/kr_mav_manager/srv/CompoundLissajous.l)
Linked: (/home/hak/catkin_SEER/devel/.private/kr_mav_manager/share/roseus/ros/kr_mav_manager/srv/GoalTimed.l, /home/hak/catkin_SEER/devel/share/roseus/ros/kr_mav_manager/srv/GoalTimed.l)
Linked: (/home/hak/catkin_SEER/devel/.private/kr_mav_manager/share/roseus/ros/kr_mav_manager/srv/Circle.l, /home/hak/catkin_SEER/devel/share/roseus/ros/kr_mav_manager/srv/Circle.l)
Linked: (/home/hak/catkin_SEER/devel/.private/kr_mav_manager/share/gennodejs/ros/kr_mav_manager/_index.js, /home/hak/catkin_SEER/devel/share/gennodejs/ros/kr_mav_manager/_index.js)
Linked: (/home/hak/catkin_SEER/devel/.private/kr_mav_manager/share/gennodejs/ros/kr_mav_manager/srv/Lissajous.js, /home/hak/catkin_SEER/devel/share/gennodejs/ros/kr_mav_manager/srv/Lissajous.js)
Linked: (/home/hak/catkin_SEER/devel/.private/kr_mav_manager/share/gennodejs/ros/kr_mav_manager/srv/Circle.js, /home/hak/catkin_SEER/devel/share/gennodejs/ros/kr_mav_manager/srv/Circle.js)
Linked: (/home/hak/catkin_SEER/devel/.private/kr_mav_manager/share/gennodejs/ros/kr_mav_manager/srv/CompoundLissajous.js, /home/hak/catkin_SEER/devel/share/gennodejs/ros/kr_mav_manager/srv/CompoundLissajous.js)
Linked: (/home/hak/catkin_SEER/devel/.private/kr_mav_manager/share/gennodejs/ros/kr_mav_manager/srv/Vec4.js, /home/hak/catkin_SEER/devel/share/gennodejs/ros/kr_mav_manager/srv/Vec4.js)
Linked: (/home/hak/catkin_SEER/devel/.private/kr_mav_manager/share/gennodejs/ros/kr_mav_manager/srv/GoalTimed.js, /home/hak/catkin_SEER/devel/share/gennodejs/ros/kr_mav_manager/srv/GoalTimed.js)
Linked: (/home/hak/catkin_SEER/devel/.private/kr_mav_manager/share/gennodejs/ros/kr_mav_manager/srv/_index.js, /home/hak/catkin_SEER/devel/share/gennodejs/ros/kr_mav_manager/srv/_index.js)
Linked: (/home/hak/catkin_SEER/devel/.private/kr_mav_manager/share/kr_mav_manager/cmake/kr_mav_manager-msg-paths.cmake, /home/hak/catkin_SEER/devel/share/kr_mav_manager/cmake/kr_mav_manager-msg-paths.cmake)
Linked: (/home/hak/catkin_SEER/devel/.private/kr_mav_manager/share/kr_mav_manager/cmake/kr_mav_managerConfig.cmake, /home/hak/catkin_SEER/devel/share/kr_mav_manager/cmake/kr_mav_managerConfig.cmake)
Linked: (/home/hak/catkin_SEER/devel/.private/kr_mav_manager/share/kr_mav_manager/cmake/kr_mav_manager-msg-extras.cmake, /home/hak/catkin_SEER/devel/share/kr_mav_manager/cmake/kr_mav_manager-msg-extras.cmake)
Linked: (/home/hak/catkin_SEER/devel/.private/kr_mav_manager/share/kr_mav_manager/cmake/kr_mav_managerConfig-version.cmake, /home/hak/catkin_SEER/devel/share/kr_mav_manager/cmake/kr_mav_managerConfig-version.cmake)
Linked: (/home/hak/catkin_SEER/devel/.private/kr_mav_manager/include/kr_mav_manager/LissajousResponse.h, /home/hak/catkin_SEER/devel/include/kr_mav_manager/LissajousResponse.h)
Linked: (/home/hak/catkin_SEER/devel/.private/kr_mav_manager/include/kr_mav_manager/GoalTimed.h, /home/hak/catkin_SEER/devel/include/kr_mav_manager/GoalTimed.h)
Linked: (/home/hak/catkin_SEER/devel/.private/kr_mav_manager/include/kr_mav_manager/Lissajous.h, /home/hak/catkin_SEER/devel/include/kr_mav_manager/Lissajous.h)
Linked: (/home/hak/catkin_SEER/devel/.private/kr_mav_manager/include/kr_mav_manager/GoalTimedRequest.h, /home/hak/catkin_SEER/devel/include/kr_mav_manager/GoalTimedRequest.h)
Linked: (/home/hak/catkin_SEER/devel/.private/kr_mav_manager/include/kr_mav_manager/Circle.h, /home/hak/catkin_SEER/devel/include/kr_mav_manager/Circle.h)
Linked: (/home/hak/catkin_SEER/devel/.private/kr_mav_manager/include/kr_mav_manager/LissajousRequest.h, /home/hak/catkin_SEER/devel/include/kr_mav_manager/LissajousRequest.h)
Linked: (/home/hak/catkin_SEER/devel/.private/kr_mav_manager/include/kr_mav_manager/Vec4.h, /home/hak/catkin_SEER/devel/include/kr_mav_manager/Vec4.h)
Linked: (/home/hak/catkin_SEER/devel/.private/kr_mav_manager/include/kr_mav_manager/Vec4Request.h, /home/hak/catkin_SEER/devel/include/kr_mav_manager/Vec4Request.h)
Linked: (/home/hak/catkin_SEER/devel/.private/kr_mav_manager/include/kr_mav_manager/CircleRequest.h, /home/hak/catkin_SEER/devel/include/kr_mav_manager/CircleRequest.h)
Linked: (/home/hak/catkin_SEER/devel/.private/kr_mav_manager/include/kr_mav_manager/Vec4Response.h, /home/hak/catkin_SEER/devel/include/kr_mav_manager/Vec4Response.h)
Linked: (/home/hak/catkin_SEER/devel/.private/kr_mav_manager/include/kr_mav_manager/CompoundLissajousResponse.h, /home/hak/catkin_SEER/devel/include/kr_mav_manager/CompoundLissajousResponse.h)
Linked: (/home/hak/catkin_SEER/devel/.private/kr_mav_manager/include/kr_mav_manager/CompoundLissajous.h, /home/hak/catkin_SEER/devel/include/kr_mav_manager/CompoundLissajous.h)
Linked: (/home/hak/catkin_SEER/devel/.private/kr_mav_manager/include/kr_mav_manager/CompoundLissajousRequest.h, /home/hak/catkin_SEER/devel/include/kr_mav_manager/CompoundLissajousRequest.h)
Linked: (/home/hak/catkin_SEER/devel/.private/kr_mav_manager/include/kr_mav_manager/CircleResponse.h, /home/hak/catkin_SEER/devel/include/kr_mav_manager/CircleResponse.h)
Linked: (/home/hak/catkin_SEER/devel/.private/kr_mav_manager/include/kr_mav_manager/GoalTimedResponse.h, /home/hak/catkin_SEER/devel/include/kr_mav_manager/GoalTimedResponse.h)
