[01m[K/home/hak/catkin_SEER/src/SEER/planner/kino_searching/src/kino_acc_astar.cpp:[m[K In member function ‘[01m[Kint bg_planner::KinoAccAstar::search(Eigen::MatrixXd, Eigen::MatrixXd, ros::Time, bool)[m[K’:
[01m[K/home/hak/catkin_SEER/src/SEER/planner/kino_searching/src/kino_acc_astar.cpp:128:12:[m[K [01;35m[Kwarning: [m[Kunused variable ‘[01m[Krough_len[m[K’ [[01;35m[K-Wunused-variable[m[K]
  128 |     double [01;35m[Krough_len[m[K = 0.0;
      |            [01;35m[K^~~~~~~~~[m[K
[01m[K/home/hak/catkin_SEER/src/SEER/planner/kino_searching/src/kino_yaw.cpp:[m[K In member function ‘[01m[Kbool bg_planner::KinoYaw::yawSearch(Eigen::MatrixXd&, min_jerk::Trajectory&)[m[K’:
[01m[K/home/hak/catkin_SEER/src/SEER/planner/kino_searching/src/kino_yaw.cpp:68:12:[m[K [01;35m[Kwarning: [m[Kunused variable ‘[01m[Kdt[m[K’ [[01;35m[K-Wunused-variable[m[K]
   68 |     double [01;35m[Kdt[m[K, tau, vis_res;
      |            [01;35m[K^~[m[K
[01m[K/home/hak/catkin_SEER/src/SEER/planner/kino_searching/src/kino_yaw.cpp:68:21:[m[K [01;35m[Kwarning: [m[Kunused variable ‘[01m[Kvis_res[m[K’ [[01;35m[K-Wunused-variable[m[K]
   68 |     double dt, tau, [01;35m[Kvis_res[m[K;
      |                     [01;35m[K^~~~~~~[m[K
[01m[K/home/hak/catkin_SEER/src/SEER/planner/kino_searching/src/kino_yaw.cpp:78:21:[m[K [01;35m[Kwarning: [m[Kunused variable ‘[01m[Kheading_yaw[m[K’ [[01;35m[K-Wunused-variable[m[K]
   78 |     double pre_yaw, [01;35m[Kheading_yaw[m[K;
      |                     [01;35m[K^~~~~~~~~~~[m[K
[01m[K/home/hak/catkin_SEER/src/SEER/planner/kino_searching/src/kino_yaw.cpp:[m[K In member function ‘[01m[Kbool bg_planner::KinoYaw::computeShotTraj(Eigen::Vector2d, Eigen::Vector2d, double)[m[K’:
[01m[K/home/hak/catkin_SEER/src/SEER/planner/kino_searching/src/kino_yaw.cpp:287:12:[m[K [01;35m[Kwarning: [m[Kvariable ‘[01m[Kcoord[m[K’ set but not used [[01;35m[K-Wunused-but-set-variable[m[K]
  287 |     double [01;35m[Kcoord[m[K = 0, vel = 0, acc = 0;
      |            [01;35m[K^~~~~[m[K
[01m[K/home/hak/catkin_SEER/src/SEER/planner/kino_searching/src/kino_yaw.cpp:287:23:[m[K [01;35m[Kwarning: [m[Kvariable ‘[01m[Kvel[m[K’ set but not used [[01;35m[K-Wunused-but-set-variable[m[K]
  287 |     double coord = 0, [01;35m[Kvel[m[K = 0, acc = 0;
      |                       [01;35m[K^~~[m[K
[01m[K/home/hak/catkin_SEER/src/SEER/planner/kino_searching/src/kino_yaw.cpp:287:32:[m[K [01;35m[Kwarning: [m[Kvariable ‘[01m[Kacc[m[K’ set but not used [[01;35m[K-Wunused-but-set-variable[m[K]
  287 |     double coord = 0, vel = 0, [01;35m[Kacc[m[K = 0;
      |                                [01;35m[K^~~[m[K
[01m[K/home/hak/catkin_SEER/src/SEER/planner/kino_searching/src/kino_yaw.cpp:289:9:[m[K [01;35m[Kwarning: [m[Kunused variable ‘[01m[Kindex[m[K’ [[01;35m[K-Wunused-variable[m[K]
  289 |     int [01;35m[Kindex[m[K;
      |         [01;35m[K^~~~~[m[K
