Not searching for unused variables given on the command line.
[36m--[0m Using CATKIN_DEVEL_PREFIX: /home/hak/catkin_SEER/devel/.private/kr_python_interface
[36m--[0m Using CMAKE_PREFIX_PATH: /home/hak/catkin_SEER/devel;/home/hak/catkin_ws/devel;/home/hak/catkin_ws_stream/devel;/opt/ros/noetic;/usr/lib/x86_64-linux-gnu/
[36m--[0m This workspace overlays: /home/hak/catkin_SEER/devel;/home/hak/catkin_ws/devel;/home/hak/catkin_ws_stream/devel;/opt/ros/noetic
[36m--[0m Found PythonInterp: /usr/bin/python3 (found suitable version "3.8.10", minimum required is "3")
[36m--[0m Using PYTHON_EXECUTABLE: /usr/bin/python3
[36m--[0m Using Debian Python package layout
[36m--[0m Using empy: /usr/lib/python3/dist-packages/em.py
[36m--[0m Using CATKIN_ENABLE_TESTING: ON
[36m--[0m Call enable_testing()
[36m--[0m Using CATKIN_TEST_RESULTS_DIR: /home/hak/catkin_SEER/build/kr_python_interface/test_results
[36m--[0m Forcing gtest/gmock from source, though one was otherwise available.
[36m--[0m Found gtest sources under '/usr/src/googletest': gtests will be built
[36m--[0m Found gmock sources under '/usr/src/googletest': gmock will be built
[36m--[0m Found PythonInterp: /usr/bin/python3 (found version "3.8.10")
[36m--[0m Using Python nosetests: /usr/bin/nosetests3
[36m--[0m catkin 0.8.10
[36m--[0m BUILD_SHARED_LIBS is on
/opt/ros/noetic/lib/python3/dist-packages/_distutils_hack/__init__.py:18: UserWarning: Distutils was imported before Setuptools, but importing Setuptools also replaces the `distutils` module in `sys.modules`. This may lead to undesirable behaviors or errors. To avoid these issues, avoid using distutils directly, ensure that setuptools is installed in the traditional way (e.g. not an editable install), and/or make sure that setuptools is always imported before distutils.
  warnings.warn(
/opt/ros/noetic/lib/python3/dist-packages/_distutils_hack/__init__.py:33: UserWarning: Setuptools is replacing distutils.
  warnings.warn("Setuptools is replacing distutils.")
usage: setup.py [global_opts] cmd1 [cmd1_opts] [cmd2 [cmd2_opts] ...]
   or: setup.py --help [cmd1 cmd2 ...]
   or: setup.py --help-commands
   or: setup.py cmd --help

[1m[31mERROR:[0m invalid command 'kr_python_interface'[0m
[31m[1mCMake Error[0m at /opt/ros/noetic/share/catkin/cmake/safe_execute_process.cmake:11 (message):

  execute_process(/home/hak/catkin_SEER/build/kr_python_interface/catkin_generated/env_cached.sh
  "/usr/bin/python3"
  "/opt/ros/noetic/share/catkin/cmake/interrogate_setup_dot_py.py"
  "kr_python_interface"
  "/home/hak/catkin_SEER/src/kr_mav_control/interfaces/kr_python_interface/setup.py"
  "/home/hak/catkin_SEER/build/kr_python_interface/catkin_generated/setup_py_interrogation.cmake")
  returned error code 1
[36mCall Stack (most recent call first):[0m
  /opt/ros/noetic/share/catkin/cmake/catkin_python_setup.cmake:46 (safe_execute_process)
  CMakeLists.txt:7 (catkin_python_setup)


CMake Error in CMakeLists.txt:
  No cmake_minimum_required command is present.  A line of code such as

    cmake_minimum_required(VERSION 3.16)

  should be added at the top of the file.  The version specified may be lower
  if you wish to support older CMake versions for this project.  For more
  information run "cmake --help-policy CMP0000".


[36m--[0m Configuring incomplete, errors occurred!
See also "/home/hak/catkin_SEER/build/kr_python_interface/CMakeFiles/CMakeOutput.log".
See also "/home/hak/catkin_SEER/build/kr_python_interface/CMakeFiles/CMakeError.log".
