Linked: (/home/hak/catkin_SEER/devel/.private/kr_mav_msgs/lib/python3/dist-packages/kr_mav_msgs/__init__.py, /home/hak/catkin_SEER/devel/lib/python3/dist-packages/kr_mav_msgs/__init__.py)
Linked: (/home/hak/catkin_SEER/devel/.private/kr_mav_msgs/lib/python3/dist-packages/kr_mav_msgs/msg/_OutputData.py, /home/hak/catkin_SEER/devel/lib/python3/dist-packages/kr_mav_msgs/msg/_OutputData.py)
Linked: (/home/hak/catkin_SEER/devel/.private/kr_mav_msgs/lib/python3/dist-packages/kr_mav_msgs/msg/_AuxCommand.py, /home/hak/catkin_SEER/devel/lib/python3/dist-packages/kr_mav_msgs/msg/_AuxCommand.py)
Linked: (/home/hak/catkin_SEER/devel/.private/kr_mav_msgs/lib/python3/dist-packages/kr_mav_msgs/msg/_PWMCommand.py, /home/hak/catkin_SEER/devel/lib/python3/dist-packages/kr_mav_msgs/msg/_PWMCommand.py)
Linked: (/home/hak/catkin_SEER/devel/.private/kr_mav_msgs/lib/python3/dist-packages/kr_mav_msgs/msg/_SO3Command.py, /home/hak/catkin_SEER/devel/lib/python3/dist-packages/kr_mav_msgs/msg/_SO3Command.py)
Linked: (/home/hak/catkin_SEER/devel/.private/kr_mav_msgs/lib/python3/dist-packages/kr_mav_msgs/msg/_TRPYCommand.py, /home/hak/catkin_SEER/devel/lib/python3/dist-packages/kr_mav_msgs/msg/_TRPYCommand.py)
Linked: (/home/hak/catkin_SEER/devel/.private/kr_mav_msgs/lib/python3/dist-packages/kr_mav_msgs/msg/_PositionCommand.py, /home/hak/catkin_SEER/devel/lib/python3/dist-packages/kr_mav_msgs/msg/_PositionCommand.py)
Linked: (/home/hak/catkin_SEER/devel/.private/kr_mav_msgs/lib/python3/dist-packages/kr_mav_msgs/msg/_StatusData.py, /home/hak/catkin_SEER/devel/lib/python3/dist-packages/kr_mav_msgs/msg/_StatusData.py)
Linked: (/home/hak/catkin_SEER/devel/.private/kr_mav_msgs/lib/python3/dist-packages/kr_mav_msgs/msg/__init__.py, /home/hak/catkin_SEER/devel/lib/python3/dist-packages/kr_mav_msgs/msg/__init__.py)
Linked: (/home/hak/catkin_SEER/devel/.private/kr_mav_msgs/lib/python3/dist-packages/kr_mav_msgs/msg/_Corrections.py, /home/hak/catkin_SEER/devel/lib/python3/dist-packages/kr_mav_msgs/msg/_Corrections.py)
Linked: (/home/hak/catkin_SEER/devel/.private/kr_mav_msgs/lib/python3/dist-packages/kr_mav_msgs/msg/_Serial.py, /home/hak/catkin_SEER/devel/lib/python3/dist-packages/kr_mav_msgs/msg/_Serial.py)
Linked: (/home/hak/catkin_SEER/devel/.private/kr_mav_msgs/lib/python3/dist-packages/kr_mav_msgs/msg/_MotorRPM.py, /home/hak/catkin_SEER/devel/lib/python3/dist-packages/kr_mav_msgs/msg/_MotorRPM.py)
Linked: (/home/hak/catkin_SEER/devel/.private/kr_mav_msgs/lib/pkgconfig/kr_mav_msgs.pc, /home/hak/catkin_SEER/devel/lib/pkgconfig/kr_mav_msgs.pc)
Linked: (/home/hak/catkin_SEER/devel/.private/kr_mav_msgs/share/common-lisp/ros/kr_mav_msgs/msg/_package.lisp, /home/hak/catkin_SEER/devel/share/common-lisp/ros/kr_mav_msgs/msg/_package.lisp)
Linked: (/home/hak/catkin_SEER/devel/.private/kr_mav_msgs/share/common-lisp/ros/kr_mav_msgs/msg/TRPYCommand.lisp, /home/hak/catkin_SEER/devel/share/common-lisp/ros/kr_mav_msgs/msg/TRPYCommand.lisp)
Linked: (/home/hak/catkin_SEER/devel/.private/kr_mav_msgs/share/common-lisp/ros/kr_mav_msgs/msg/_package_PWMCommand.lisp, /home/hak/catkin_SEER/devel/share/common-lisp/ros/kr_mav_msgs/msg/_package_PWMCommand.lisp)
Linked: (/home/hak/catkin_SEER/devel/.private/kr_mav_msgs/share/common-lisp/ros/kr_mav_msgs/msg/AuxCommand.lisp, /home/hak/catkin_SEER/devel/share/common-lisp/ros/kr_mav_msgs/msg/AuxCommand.lisp)
Linked: (/home/hak/catkin_SEER/devel/.private/kr_mav_msgs/share/common-lisp/ros/kr_mav_msgs/msg/_package_SO3Command.lisp, /home/hak/catkin_SEER/devel/share/common-lisp/ros/kr_mav_msgs/msg/_package_SO3Command.lisp)
Linked: (/home/hak/catkin_SEER/devel/.private/kr_mav_msgs/share/common-lisp/ros/kr_mav_msgs/msg/_package_OutputData.lisp, /home/hak/catkin_SEER/devel/share/common-lisp/ros/kr_mav_msgs/msg/_package_OutputData.lisp)
Linked: (/home/hak/catkin_SEER/devel/.private/kr_mav_msgs/share/common-lisp/ros/kr_mav_msgs/msg/SO3Command.lisp, /home/hak/catkin_SEER/devel/share/common-lisp/ros/kr_mav_msgs/msg/SO3Command.lisp)
Linked: (/home/hak/catkin_SEER/devel/.private/kr_mav_msgs/share/common-lisp/ros/kr_mav_msgs/msg/Serial.lisp, /home/hak/catkin_SEER/devel/share/common-lisp/ros/kr_mav_msgs/msg/Serial.lisp)
Linked: (/home/hak/catkin_SEER/devel/.private/kr_mav_msgs/share/common-lisp/ros/kr_mav_msgs/msg/PWMCommand.lisp, /home/hak/catkin_SEER/devel/share/common-lisp/ros/kr_mav_msgs/msg/PWMCommand.lisp)
Linked: (/home/hak/catkin_SEER/devel/.private/kr_mav_msgs/share/common-lisp/ros/kr_mav_msgs/msg/_package_AuxCommand.lisp, /home/hak/catkin_SEER/devel/share/common-lisp/ros/kr_mav_msgs/msg/_package_AuxCommand.lisp)
Linked: (/home/hak/catkin_SEER/devel/.private/kr_mav_msgs/share/common-lisp/ros/kr_mav_msgs/msg/_package_TRPYCommand.lisp, /home/hak/catkin_SEER/devel/share/common-lisp/ros/kr_mav_msgs/msg/_package_TRPYCommand.lisp)
Linked: (/home/hak/catkin_SEER/devel/.private/kr_mav_msgs/share/common-lisp/ros/kr_mav_msgs/msg/StatusData.lisp, /home/hak/catkin_SEER/devel/share/common-lisp/ros/kr_mav_msgs/msg/StatusData.lisp)
Linked: (/home/hak/catkin_SEER/devel/.private/kr_mav_msgs/share/common-lisp/ros/kr_mav_msgs/msg/MotorRPM.lisp, /home/hak/catkin_SEER/devel/share/common-lisp/ros/kr_mav_msgs/msg/MotorRPM.lisp)
Linked: (/home/hak/catkin_SEER/devel/.private/kr_mav_msgs/share/common-lisp/ros/kr_mav_msgs/msg/OutputData.lisp, /home/hak/catkin_SEER/devel/share/common-lisp/ros/kr_mav_msgs/msg/OutputData.lisp)
Linked: (/home/hak/catkin_SEER/devel/.private/kr_mav_msgs/share/common-lisp/ros/kr_mav_msgs/msg/_package_MotorRPM.lisp, /home/hak/catkin_SEER/devel/share/common-lisp/ros/kr_mav_msgs/msg/_package_MotorRPM.lisp)
Linked: (/home/hak/catkin_SEER/devel/.private/kr_mav_msgs/share/common-lisp/ros/kr_mav_msgs/msg/_package_StatusData.lisp, /home/hak/catkin_SEER/devel/share/common-lisp/ros/kr_mav_msgs/msg/_package_StatusData.lisp)
Linked: (/home/hak/catkin_SEER/devel/.private/kr_mav_msgs/share/common-lisp/ros/kr_mav_msgs/msg/kr_mav_msgs-msg.asd, /home/hak/catkin_SEER/devel/share/common-lisp/ros/kr_mav_msgs/msg/kr_mav_msgs-msg.asd)
Linked: (/home/hak/catkin_SEER/devel/.private/kr_mav_msgs/share/common-lisp/ros/kr_mav_msgs/msg/Corrections.lisp, /home/hak/catkin_SEER/devel/share/common-lisp/ros/kr_mav_msgs/msg/Corrections.lisp)
Linked: (/home/hak/catkin_SEER/devel/.private/kr_mav_msgs/share/common-lisp/ros/kr_mav_msgs/msg/_package_Corrections.lisp, /home/hak/catkin_SEER/devel/share/common-lisp/ros/kr_mav_msgs/msg/_package_Corrections.lisp)
Linked: (/home/hak/catkin_SEER/devel/.private/kr_mav_msgs/share/common-lisp/ros/kr_mav_msgs/msg/_package_PositionCommand.lisp, /home/hak/catkin_SEER/devel/share/common-lisp/ros/kr_mav_msgs/msg/_package_PositionCommand.lisp)
Linked: (/home/hak/catkin_SEER/devel/.private/kr_mav_msgs/share/common-lisp/ros/kr_mav_msgs/msg/PositionCommand.lisp, /home/hak/catkin_SEER/devel/share/common-lisp/ros/kr_mav_msgs/msg/PositionCommand.lisp)
Linked: (/home/hak/catkin_SEER/devel/.private/kr_mav_msgs/share/common-lisp/ros/kr_mav_msgs/msg/_package_Serial.lisp, /home/hak/catkin_SEER/devel/share/common-lisp/ros/kr_mav_msgs/msg/_package_Serial.lisp)
Linked: (/home/hak/catkin_SEER/devel/.private/kr_mav_msgs/share/roseus/ros/kr_mav_msgs/manifest.l, /home/hak/catkin_SEER/devel/share/roseus/ros/kr_mav_msgs/manifest.l)
Linked: (/home/hak/catkin_SEER/devel/.private/kr_mav_msgs/share/roseus/ros/kr_mav_msgs/msg/PWMCommand.l, /home/hak/catkin_SEER/devel/share/roseus/ros/kr_mav_msgs/msg/PWMCommand.l)
Linked: (/home/hak/catkin_SEER/devel/.private/kr_mav_msgs/share/roseus/ros/kr_mav_msgs/msg/MotorRPM.l, /home/hak/catkin_SEER/devel/share/roseus/ros/kr_mav_msgs/msg/MotorRPM.l)
Linked: (/home/hak/catkin_SEER/devel/.private/kr_mav_msgs/share/roseus/ros/kr_mav_msgs/msg/TRPYCommand.l, /home/hak/catkin_SEER/devel/share/roseus/ros/kr_mav_msgs/msg/TRPYCommand.l)
Linked: (/home/hak/catkin_SEER/devel/.private/kr_mav_msgs/share/roseus/ros/kr_mav_msgs/msg/StatusData.l, /home/hak/catkin_SEER/devel/share/roseus/ros/kr_mav_msgs/msg/StatusData.l)
Linked: (/home/hak/catkin_SEER/devel/.private/kr_mav_msgs/share/roseus/ros/kr_mav_msgs/msg/AuxCommand.l, /home/hak/catkin_SEER/devel/share/roseus/ros/kr_mav_msgs/msg/AuxCommand.l)
Linked: (/home/hak/catkin_SEER/devel/.private/kr_mav_msgs/share/roseus/ros/kr_mav_msgs/msg/Serial.l, /home/hak/catkin_SEER/devel/share/roseus/ros/kr_mav_msgs/msg/Serial.l)
Linked: (/home/hak/catkin_SEER/devel/.private/kr_mav_msgs/share/roseus/ros/kr_mav_msgs/msg/PositionCommand.l, /home/hak/catkin_SEER/devel/share/roseus/ros/kr_mav_msgs/msg/PositionCommand.l)
Linked: (/home/hak/catkin_SEER/devel/.private/kr_mav_msgs/share/roseus/ros/kr_mav_msgs/msg/SO3Command.l, /home/hak/catkin_SEER/devel/share/roseus/ros/kr_mav_msgs/msg/SO3Command.l)
Linked: (/home/hak/catkin_SEER/devel/.private/kr_mav_msgs/share/roseus/ros/kr_mav_msgs/msg/Corrections.l, /home/hak/catkin_SEER/devel/share/roseus/ros/kr_mav_msgs/msg/Corrections.l)
Linked: (/home/hak/catkin_SEER/devel/.private/kr_mav_msgs/share/roseus/ros/kr_mav_msgs/msg/OutputData.l, /home/hak/catkin_SEER/devel/share/roseus/ros/kr_mav_msgs/msg/OutputData.l)
Linked: (/home/hak/catkin_SEER/devel/.private/kr_mav_msgs/share/kr_mav_msgs/cmake/kr_mav_msgs-msg-extras.cmake, /home/hak/catkin_SEER/devel/share/kr_mav_msgs/cmake/kr_mav_msgs-msg-extras.cmake)
Linked: (/home/hak/catkin_SEER/devel/.private/kr_mav_msgs/share/kr_mav_msgs/cmake/kr_mav_msgsConfig-version.cmake, /home/hak/catkin_SEER/devel/share/kr_mav_msgs/cmake/kr_mav_msgsConfig-version.cmake)
Linked: (/home/hak/catkin_SEER/devel/.private/kr_mav_msgs/share/kr_mav_msgs/cmake/kr_mav_msgsConfig.cmake, /home/hak/catkin_SEER/devel/share/kr_mav_msgs/cmake/kr_mav_msgsConfig.cmake)
Linked: (/home/hak/catkin_SEER/devel/.private/kr_mav_msgs/share/kr_mav_msgs/cmake/kr_mav_msgs-msg-paths.cmake, /home/hak/catkin_SEER/devel/share/kr_mav_msgs/cmake/kr_mav_msgs-msg-paths.cmake)
Linked: (/home/hak/catkin_SEER/devel/.private/kr_mav_msgs/share/gennodejs/ros/kr_mav_msgs/_index.js, /home/hak/catkin_SEER/devel/share/gennodejs/ros/kr_mav_msgs/_index.js)
Linked: (/home/hak/catkin_SEER/devel/.private/kr_mav_msgs/share/gennodejs/ros/kr_mav_msgs/msg/SO3Command.js, /home/hak/catkin_SEER/devel/share/gennodejs/ros/kr_mav_msgs/msg/SO3Command.js)
Linked: (/home/hak/catkin_SEER/devel/.private/kr_mav_msgs/share/gennodejs/ros/kr_mav_msgs/msg/TRPYCommand.js, /home/hak/catkin_SEER/devel/share/gennodejs/ros/kr_mav_msgs/msg/TRPYCommand.js)
Linked: (/home/hak/catkin_SEER/devel/.private/kr_mav_msgs/share/gennodejs/ros/kr_mav_msgs/msg/PWMCommand.js, /home/hak/catkin_SEER/devel/share/gennodejs/ros/kr_mav_msgs/msg/PWMCommand.js)
Linked: (/home/hak/catkin_SEER/devel/.private/kr_mav_msgs/share/gennodejs/ros/kr_mav_msgs/msg/Corrections.js, /home/hak/catkin_SEER/devel/share/gennodejs/ros/kr_mav_msgs/msg/Corrections.js)
Linked: (/home/hak/catkin_SEER/devel/.private/kr_mav_msgs/share/gennodejs/ros/kr_mav_msgs/msg/OutputData.js, /home/hak/catkin_SEER/devel/share/gennodejs/ros/kr_mav_msgs/msg/OutputData.js)
Linked: (/home/hak/catkin_SEER/devel/.private/kr_mav_msgs/share/gennodejs/ros/kr_mav_msgs/msg/MotorRPM.js, /home/hak/catkin_SEER/devel/share/gennodejs/ros/kr_mav_msgs/msg/MotorRPM.js)
Linked: (/home/hak/catkin_SEER/devel/.private/kr_mav_msgs/share/gennodejs/ros/kr_mav_msgs/msg/PositionCommand.js, /home/hak/catkin_SEER/devel/share/gennodejs/ros/kr_mav_msgs/msg/PositionCommand.js)
Linked: (/home/hak/catkin_SEER/devel/.private/kr_mav_msgs/share/gennodejs/ros/kr_mav_msgs/msg/AuxCommand.js, /home/hak/catkin_SEER/devel/share/gennodejs/ros/kr_mav_msgs/msg/AuxCommand.js)
Linked: (/home/hak/catkin_SEER/devel/.private/kr_mav_msgs/share/gennodejs/ros/kr_mav_msgs/msg/StatusData.js, /home/hak/catkin_SEER/devel/share/gennodejs/ros/kr_mav_msgs/msg/StatusData.js)
Linked: (/home/hak/catkin_SEER/devel/.private/kr_mav_msgs/share/gennodejs/ros/kr_mav_msgs/msg/Serial.js, /home/hak/catkin_SEER/devel/share/gennodejs/ros/kr_mav_msgs/msg/Serial.js)
Linked: (/home/hak/catkin_SEER/devel/.private/kr_mav_msgs/share/gennodejs/ros/kr_mav_msgs/msg/_index.js, /home/hak/catkin_SEER/devel/share/gennodejs/ros/kr_mav_msgs/msg/_index.js)
Linked: (/home/hak/catkin_SEER/devel/.private/kr_mav_msgs/include/kr_mav_msgs/Serial.h, /home/hak/catkin_SEER/devel/include/kr_mav_msgs/Serial.h)
Linked: (/home/hak/catkin_SEER/devel/.private/kr_mav_msgs/include/kr_mav_msgs/StatusData.h, /home/hak/catkin_SEER/devel/include/kr_mav_msgs/StatusData.h)
Linked: (/home/hak/catkin_SEER/devel/.private/kr_mav_msgs/include/kr_mav_msgs/AuxCommand.h, /home/hak/catkin_SEER/devel/include/kr_mav_msgs/AuxCommand.h)
Linked: (/home/hak/catkin_SEER/devel/.private/kr_mav_msgs/include/kr_mav_msgs/SO3Command.h, /home/hak/catkin_SEER/devel/include/kr_mav_msgs/SO3Command.h)
Linked: (/home/hak/catkin_SEER/devel/.private/kr_mav_msgs/include/kr_mav_msgs/TRPYCommand.h, /home/hak/catkin_SEER/devel/include/kr_mav_msgs/TRPYCommand.h)
Linked: (/home/hak/catkin_SEER/devel/.private/kr_mav_msgs/include/kr_mav_msgs/MotorRPM.h, /home/hak/catkin_SEER/devel/include/kr_mav_msgs/MotorRPM.h)
Linked: (/home/hak/catkin_SEER/devel/.private/kr_mav_msgs/include/kr_mav_msgs/OutputData.h, /home/hak/catkin_SEER/devel/include/kr_mav_msgs/OutputData.h)
Linked: (/home/hak/catkin_SEER/devel/.private/kr_mav_msgs/include/kr_mav_msgs/Corrections.h, /home/hak/catkin_SEER/devel/include/kr_mav_msgs/Corrections.h)
Linked: (/home/hak/catkin_SEER/devel/.private/kr_mav_msgs/include/kr_mav_msgs/PositionCommand.h, /home/hak/catkin_SEER/devel/include/kr_mav_msgs/PositionCommand.h)
Linked: (/home/hak/catkin_SEER/devel/.private/kr_mav_msgs/include/kr_mav_msgs/PWMCommand.h, /home/hak/catkin_SEER/devel/include/kr_mav_msgs/PWMCommand.h)
